<?xml version="1.0" encoding="UTF-8"?>
<!-- Generated by org.testng.reporters.JUnitXMLReporter -->
<testsuite ignored="0" hostname="DESKTOP-MGUTKMH" failures="0" tests="3" name="Test-2" time="55.04" errors="0" timestamp="11 Sep 2024 17:48:07 GMT">
  <testcase classname="com.comcast.crm.orgtest.CreateOrganizationTest" name="createOrgWithIndustryAndTypeTest" time="12.424"/>
  <testcase classname="com.comcast.crm.orgtest.CreateOrganizationTest" name="createOrgWithPhoneNumTest" time="11.031"/>
  <testcase classname="com.comcast.crm.orgtest.CreateOrganizationTest" name="createOrganizationTest" time="10.75"/>
</testsuite> <!-- Test-2 -->
