<?xml version="1.0" encoding="UTF-8"?>
<!-- Generated by org.testng.reporters.JUnitReportReporter -->
<testsuite hostname="DESKTOP-MGUTKMH" failures="0" tests="1" name="com.comcast.crm.orgtest.CreateOrganizationTest" time="22.747" errors="0" timestamp="16 Sep 2024 17:08:43 GMT" skipped="0">
  <testcase classname="com.comcast.crm.orgtest.CreateOrganizationTest" name="createOrganizationTest" time="22.747"/>
</testsuite> <!-- com.comcast.crm.orgtest.CreateOrganizationTest -->
