<?xml version="1.0" encoding="UTF-8"?>
<!-- Generated by org.testng.reporters.JUnitReportReporter -->
<testsuite hostname="DESKTOP-MGUTKMH" failures="0" tests="1" name="com.comcast.crm.contacttest.CreateContactTest" time="25.865" errors="0" timestamp="13 Sep 2024 01:04:46 GMT" skipped="0">
  <testcase classname="com.comcast.crm.contacttest.CreateContactTest" name="createContactWithOrgTest" time="25.865"/>
</testsuite> <!-- com.comcast.crm.contacttest.CreateContactTest -->
